{"/Users/piotr/Desktop/FP/rectangularTriangle/src/triangle.ts": {"path":"/Users/piotr/Desktop/FP/rectangularTriangle/src/triangle.ts","statementMap":{"0":{"start":{"line":5,"column":30},"end":{"line":18,"column":1}},"1":{"start":{"line":10,"column":30},"end":{"line":10,"column":64}},"2":{"start":{"line":10,"column":58},"end":{"line":10,"column":64}},"3":{"start":{"line":10,"column":10},"end":{"line":10,"column":12}},"4":{"start":{"line":10,"column":13},"end":{"line":10,"column":15}},"5":{"start":{"line":10,"column":16},"end":{"line":10,"column":30}},"6":{"start":{"line":11,"column":2},"end":{"line":17,"column":null}},"7":{"start":{"line":12,"column":4},"end":{"line":12,"column":60}},"8":{"start":{"line":13,"column":9},"end":{"line":17,"column":null}},"9":{"start":{"line":14,"column":4},"end":{"line":14,"column":74}},"10":{"start":{"line":16,"column":4},"end":{"line":16,"column":77}},"11":{"start":{"line":20,"column":9},"end":{"line":20,"column":30}}},"fnMap":{"0":{"name":"(anonymous_0)","decl":{"start":{"line":5,"column":30},"end":{"line":5,"column":null}},"loc":{"start":{"line":8,"column":12},"end":{"line":18,"column":1}}},"1":{"name":"(anonymous_1)","decl":{"start":{"line":10,"column":48},"end":{"line":10,"column":49}},"loc":{"start":{"line":10,"column":53},"end":{"line":10,"column":59}}}},"branchMap":{"0":{"loc":{"start":{"line":11,"column":2},"end":{"line":17,"column":null}},"type":"if","locations":[{"start":{"line":11,"column":2},"end":{"line":17,"column":null}},{"start":{"line":11,"column":2},"end":{"line":17,"column":null}}]},"1":{"loc":{"start":{"line":13,"column":9},"end":{"line":17,"column":null}},"type":"if","locations":[{"start":{"line":13,"column":9},"end":{"line":17,"column":null}},{"start":{"line":13,"column":9},"end":{"line":17,"column":null}}]},"2":{"loc":{"start":{"line":16,"column":64},"end":{"line":16,"column":68}},"type":"cond-expr","locations":[{"start":{"line":16,"column":64},"end":{"line":16,"column":68}},{"start":{"line":16,"column":71},"end":{"line":16,"column":76}}]}},"s":{"0":1,"1":16,"2":45,"3":16,"4":16,"5":16,"6":16,"7":5,"8":11,"9":3,"10":8,"11":1},"f":{"0":16,"1":45},"b":{"0":[5,11],"1":[3,8],"2":[5,3]}}
}
